<?xml version="1.0" encoding="UTF-8" ?>
<testsuite tests="10" failures="0" name="com.mycompany.st10251759_poe_p1.LoginTest" time="0.009" errors="0" skipped="0">
  <properties>
    <property name="java.runtime.name" value="Java(TM) SE Runtime Environment"/>
    <property name="java.vm.version" value="17.0.6+9-LTS-190"/>
    <property name="sun.boot.library.path" value="C:\Program Files\Java\jdk-17\bin"/>
    <property name="maven.multiModuleProjectDirectory" value="C:\Users\lab_services_student\Documents\NetBeansProjects\ST10251759_POE_P1"/>
    <property name="java.vm.vendor" value="Oracle Corporation"/>
    <property name="java.vendor.url" value="https://java.oracle.com/"/>
    <property name="guice.disable.misplaced.annotation.check" value="true"/>
    <property name="path.separator" value=";"/>
    <property name="java.vm.name" value="Java HotSpot(TM) 64-Bit Server VM"/>
    <property name="sun.os.patch.level" value=""/>
    <property name="user.script" value=""/>
    <property name="user.country" value="US"/>
    <property name="sun.java.launcher" value="SUN_STANDARD"/>
    <property name="test" value="com.mycompany.st10251759_poe_p1.LoginTest"/>
    <property name="java.vm.specification.name" value="Java Virtual Machine Specification"/>
    <property name="user.dir" value="C:\Users\lab_services_student\Documents\NetBeansProjects\ST10251759_POE_P1"/>
    <property name="java.vm.compressedOopsMode" value="Zero based"/>
    <property name="java.runtime.version" value="17.0.6+9-LTS-190"/>
    <property name="os.arch" value="amd64"/>
    <property name="java.io.tmpdir" value="C:\Users\LAB_SE~1\AppData\Local\Temp\"/>
    <property name="line.separator" value="
"/>
    <property name="java.vm.specification.vendor" value="Oracle Corporation"/>
    <property name="user.variant" value=""/>
    <property name="os.name" value="Windows Server 2019"/>
    <property name="maven.ext.class.path" value="C:\Program Files\NetBeans-16\netbeans\java\maven-nblib\netbeans-eventspy.jar"/>
    <property name="classworlds.conf" value="C:\Program Files\NetBeans-16\netbeans\java\maven\bin\m2.conf"/>
    <property name="sun.jnu.encoding" value="Cp1252"/>
    <property name="java.library.path" value="C:\Program Files\Java\jdk-17\bin;C:\Windows\Sun\Java\bin;C:\Windows\system32;C:\Windows;C:\Program Files\Common Files\Oracle\Java\javapath;C:\Windows\system32;C:\Windows;C:\Windows\System32\Wbem;C:\Windows\System32\WindowsPowerShell\v1.0\;C:\Windows\System32\OpenSSH\;C:\Program Files\Git\cmd;C:\Users\lab_services_student\AppData\Local\Microsoft\WindowsApps;;C:\Users\lab_services_student\AppData\Local\Programs\Microsoft VS Code\bin;."/>
    <property name="maven.conf" value="C:\Program Files\NetBeans-16\netbeans\java\maven/conf"/>
    <property name="jdk.debug" value="release"/>
    <property name="java.class.version" value="61.0"/>
    <property name="java.specification.name" value="Java Platform API Specification"/>
    <property name="sun.management.compiler" value="HotSpot 64-Bit Tiered Compilers"/>
    <property name="os.version" value="10.0"/>
    <property name="library.jansi.path" value="C:\Program Files\NetBeans-16\netbeans\java\maven\lib\jansi-native"/>
    <property name="user.home" value="C:\Users\lab_services_student"/>
    <property name="user.timezone" value="Etc/UTC"/>
    <property name="file.encoding" value="UTF-8"/>
    <property name="java.specification.version" value="17"/>
    <property name="user.name" value="lab_services_student"/>
    <property name="java.class.path" value="C:\Program Files\NetBeans-16\netbeans\java\maven\boot\plexus-classworlds-2.6.0.jar"/>
    <property name="java.vm.specification.version" value="17"/>
    <property name="sun.arch.data.model" value="64"/>
    <property name="sun.java.command" value="org.codehaus.plexus.classworlds.launcher.Launcher -Dtest=com.mycompany.st10251759_poe_p1.LoginTest -Dmaven.ext.class.path=C:\Program Files\NetBeans-16\netbeans\java\maven-nblib\netbeans-eventspy.jar -Dfile.encoding=UTF-8 surefire:test"/>
    <property name="java.home" value="C:\Program Files\Java\jdk-17"/>
    <property name="user.language" value="en"/>
    <property name="java.specification.vendor" value="Oracle Corporation"/>
    <property name="java.vm.info" value="mixed mode, sharing"/>
    <property name="java.version" value="17.0.6"/>
    <property name="native.encoding" value="Cp1252"/>
    <property name="java.vendor" value="Oracle Corporation"/>
    <property name="maven.home" value="C:\Program Files\NetBeans-16\netbeans\java\maven"/>
    <property name="file.separator" value="\"/>
    <property name="java.version.date" value="2023-01-17"/>
    <property name="java.vendor.url.bug" value="https://bugreport.java.com/bugreport/"/>
    <property name="sun.io.unicode.encoding" value="UnicodeLittle"/>
    <property name="sun.cpu.endian" value="little"/>
    <property name="sun.cpu.isalist" value="amd64"/>
  </properties>
  <testcase classname="com.mycompany.st10251759_poe_p1.LoginTest" name="com.mycompany.st10251759_poe_p1.LoginTest.testCheckPasswordComplexityInCorrect" time="0.009"/>
  <testcase classname="com.mycompany.st10251759_poe_p1.LoginTest" name="com.mycompany.st10251759_poe_p1.LoginTest.testUserNameFase" time="0"/>
  <testcase classname="com.mycompany.st10251759_poe_p1.LoginTest" name="com.mycompany.st10251759_poe_p1.LoginTest.testUserNameTrue" time="0"/>
  <testcase classname="com.mycompany.st10251759_poe_p1.LoginTest" name="com.mycompany.st10251759_poe_p1.LoginTest.testLoginTrue" time="0"/>
  <testcase classname="com.mycompany.st10251759_poe_p1.LoginTest" name="com.mycompany.st10251759_poe_p1.LoginTest.testLoginFalse" time="0"/>
  <testcase classname="com.mycompany.st10251759_poe_p1.LoginTest" name="com.mycompany.st10251759_poe_p1.LoginTest.testPasswordComplexityTrue" time="0"/>
  <testcase classname="com.mycompany.st10251759_poe_p1.LoginTest" name="com.mycompany.st10251759_poe_p1.LoginTest.testCheckUserNameCorrect" time="0"/>
  <testcase classname="com.mycompany.st10251759_poe_p1.LoginTest" name="com.mycompany.st10251759_poe_p1.LoginTest.testCheckPasswordComplexityCorrect" time="0"/>
  <testcase classname="com.mycompany.st10251759_poe_p1.LoginTest" name="com.mycompany.st10251759_poe_p1.LoginTest.testPasswordComplexityFalse" time="0"/>
  <testcase classname="com.mycompany.st10251759_poe_p1.LoginTest" name="com.mycompany.st10251759_poe_p1.LoginTest.testCheckUserNameInCorrect" time="0"/>
</testsuite>